<?xml version="1.0" encoding="UTF-8"?>
<testsuite name="example.micronaut.UserBankControllerSpec" tests="3" skipped="0" failures="0" errors="0" timestamp="2023-08-10T20:31:19" hostname="Victors-MacBook-Air.local" time="0.662">
  <properties/>
  <testcase name="supplyAnInvalidOrderTriggersValidationFailure" classname="example.micronaut.UserBankControllerSpec" time="0.3"/>
  <testcase name="testFindNonExistingUserBankReturns404" classname="example.micronaut.UserBankControllerSpec" time="0.042"/>
  <testcase name="testUserBankCrudOperations" classname="example.micronaut.UserBankControllerSpec" time="0.32"/>
  <system-out><![CDATA[22:31:18.725 [Test worker] INFO  i.m.c.DefaultApplicationContext$RuntimeConfiguredEnvironment - Established active environments: [test]
22:31:18.894 [Test worker] INFO  org.hibernate.Version - HHH000412: Hibernate ORM core version 6.2.6.Final
22:31:18.896 [Test worker] INFO  org.hibernate.cfg.Environment - HHH000406: Using bytecode reflection optimizer
22:31:18.913 [Test worker] INFO  com.zaxxer.hikari.HikariDataSource - HikariPool-1 - Starting...
22:31:19.006 [Test worker] INFO  com.zaxxer.hikari.pool.HikariPool - HikariPool-1 - Added connection conn0: url=jdbc:h2:mem:default user=SA
22:31:19.007 [Test worker] INFO  com.zaxxer.hikari.HikariDataSource - HikariPool-1 - Start completed.
22:31:19.161 [Test worker] WARN  org.hibernate.orm.incubating - HHH90006001: Encountered incubating setting [hibernate.id.db_structure_naming_strategy].  See javadoc on corresponding `org.hibernate.cfg.AvailableSettings` constant for details.
22:31:19.164 [Test worker] WARN  org.hibernate.orm.incubating - HHH90006001: Encountered incubating setting [hibernate.id.db_structure_naming_strategy].  See javadoc on corresponding `org.hibernate.cfg.AvailableSettings` constant for details.
22:31:19.164 [Test worker] WARN  org.hibernate.orm.incubating - HHH90006001: Encountered incubating setting [hibernate.id.db_structure_naming_strategy].  See javadoc on corresponding `org.hibernate.cfg.AvailableSettings` constant for details.
22:31:19.169 [Test worker] INFO  o.h.b.i.BytecodeProviderInitiator - HHH000021: Bytecode provider name : bytebuddy
Hibernate: drop table if exists transaction cascade 
Hibernate: drop table if exists user_bank cascade 
Hibernate: drop table if exists wallet cascade 
Hibernate: drop sequence if exists hibernate_sequence
Hibernate: create sequence hibernate_sequence start with 1 increment by 1
Hibernate: create table transaction (quantity bigint not null, trx_id bigint not null, wallet_destination bigint not null, wallet_source bigint not null, primary key (trx_id))
Hibernate: create table user_bank (user_id bigint not null, user_name varchar(255) not null unique, primary key (user_id))
Hibernate: create table wallet (amount bigint, owner_id bigint not null, wallet_id bigint not null, wallet_name varchar(255) not null unique, primary key (wallet_id))
Hibernate: select u1_0.user_id,u1_0.user_name from user_bank u1_0 where u1_0.user_id=?
Hibernate: select next value for hibernate_sequence
Hibernate: insert into user_bank (user_name,user_id) values (?,?)
Hibernate: select next value for hibernate_sequence
Hibernate: insert into user_bank (user_name,user_id) values (?,?)
Hibernate: select u1_0.user_id,u1_0.user_name from user_bank u1_0 where u1_0.user_id=?
Hibernate: update user_bank set user_name=? where user_id=?
Hibernate: select u1_0.user_id,u1_0.user_name from user_bank u1_0 where u1_0.user_id=?
Hibernate: select u1_0.user_id,u1_0.user_name from user_bank u1_0 fetch first ? rows only
Hibernate: select u1_0.user_id,u1_0.user_name from user_bank u1_0 fetch first ? rows only
Hibernate: select u1_0.user_id,u1_0.user_name from user_bank u1_0 fetch first ? rows only
Hibernate: select u1_0.user_id,u1_0.user_name from user_bank u1_0 order by u1_0.user_name desc fetch first ? rows only
Hibernate: select u1_0.user_id,u1_0.user_name from user_bank u1_0 offset ? rows fetch first ? rows only
Hibernate: drop table if exists transaction cascade 
Hibernate: drop table if exists user_bank cascade 
Hibernate: drop table if exists wallet cascade 
Hibernate: drop sequence if exists hibernate_sequence
22:31:20.416 [Test worker] INFO  com.zaxxer.hikari.HikariDataSource - HikariPool-1 - Shutdown initiated...
22:31:20.417 [Test worker] INFO  com.zaxxer.hikari.HikariDataSource - HikariPool-1 - Shutdown completed.
]]></system-out>
  <system-err><![CDATA[]]></system-err>
</testsuite>
