<?xml version="1.0" encoding="UTF-8"?>
<testsuite name="com.proposal.DefaultSpec" tests="1" skipped="0" failures="0" errors="0" timestamp="2023-08-11T12:27:11" hostname="Victors-MacBook-Air.local" time="0.052">
  <properties/>
  <testcase name="worrking" classname="com.proposal.DefaultSpec" time="0.052"/>
  <system-out><![CDATA[14:27:10.316 [Test worker] INFO  i.m.c.DefaultApplicationContext$RuntimeConfiguredEnvironment - Established active environments: [test]
14:27:10.502 [Test worker] INFO  org.hibernate.Version - HHH000412: Hibernate ORM core version 6.2.6.Final
14:27:10.504 [Test worker] INFO  org.hibernate.cfg.Environment - HHH000406: Using bytecode reflection optimizer
14:27:10.526 [Test worker] INFO  com.zaxxer.hikari.HikariDataSource - HikariPool-1 - Starting...
14:27:10.628 [Test worker] INFO  com.zaxxer.hikari.pool.HikariPool - HikariPool-1 - Added connection conn0: url=jdbc:h2:mem:default user=SA
14:27:10.629 [Test worker] INFO  com.zaxxer.hikari.HikariDataSource - HikariPool-1 - Start completed.
14:27:10.814 [Test worker] WARN  org.hibernate.orm.incubating - HHH90006001: Encountered incubating setting [hibernate.id.db_structure_naming_strategy].  See javadoc on corresponding `org.hibernate.cfg.AvailableSettings` constant for details.
14:27:10.817 [Test worker] WARN  org.hibernate.orm.incubating - HHH90006001: Encountered incubating setting [hibernate.id.db_structure_naming_strategy].  See javadoc on corresponding `org.hibernate.cfg.AvailableSettings` constant for details.
14:27:10.817 [Test worker] WARN  org.hibernate.orm.incubating - HHH90006001: Encountered incubating setting [hibernate.id.db_structure_naming_strategy].  See javadoc on corresponding `org.hibernate.cfg.AvailableSettings` constant for details.
14:27:10.824 [Test worker] INFO  o.h.b.i.BytecodeProviderInitiator - HHH000021: Bytecode provider name : bytebuddy
Hibernate: drop table if exists transaction cascade 
Hibernate: drop table if exists user_bank cascade 
Hibernate: drop table if exists wallet cascade 
Hibernate: drop sequence if exists hibernate_sequence
Hibernate: create sequence hibernate_sequence start with 1 increment by 1
Hibernate: create table transaction (quantity bigint not null, trx_id bigint not null, wallet_destination bigint not null, wallet_source bigint not null, primary key (trx_id))
Hibernate: create table user_bank (user_id bigint not null, user_name varchar(255) not null unique, primary key (user_id))
Hibernate: create table wallet (amount bigint, owner_id bigint not null, wallet_id bigint not null, wallet_name varchar(255) not null unique, primary key (wallet_id))
Hibernate: drop table if exists transaction cascade 
Hibernate: drop table if exists user_bank cascade 
Hibernate: drop table if exists wallet cascade 
Hibernate: drop sequence if exists hibernate_sequence
14:27:11.514 [Test worker] INFO  com.zaxxer.hikari.HikariDataSource - HikariPool-1 - Shutdown initiated...
14:27:11.515 [Test worker] INFO  com.zaxxer.hikari.HikariDataSource - HikariPool-1 - Shutdown completed.
]]></system-out>
  <system-err><![CDATA[]]></system-err>
</testsuite>
